2026-06-18T13:42:40.822674066Z Collecting pyyaml>=5.1 (from uvicorn[standard]>=0.32.0->-r requirements.txt (line 2))
2026-06-18T13:42:40.832263592Z   Downloading pyyaml-6.0.3-cp314-cp314-manylinux2014_x86_64.manylinux_2_17_x86_64.manylinux_2_28_x86_64.whl.metadata (2.4 kB)
2026-06-18T13:42:40.901908295Z Collecting uvloop>=0.15.1 (from uvicorn[standard]>=0.32.0->-r requirements.txt (line 2))
2026-06-18T13:42:40.910990554Z   Downloading uvloop-0.22.1-cp314-cp314-manylinux2014_x86_64.manylinux_2_17_x86_64.manylinux_2_28_x86_64.whl.metadata (4.9 kB)
2026-06-18T13:42:41.023204556Z Collecting watchfiles>=0.20 (from uvicorn[standard]>=0.32.0->-r requirements.txt (line 2))
2026-06-18T13:42:41.032400336Z   Downloading watchfiles-1.2.0-cp314-cp314-manylinux_2_17_x86_64.manylinux2014_x86_64.whl.metadata (4.9 kB)
2026-06-18T13:42:41.14601327Z Collecting websockets>=10.4 (from uvicorn[standard]>=0.32.0->-r requirements.txt (line 2))
2026-06-18T13:42:41.155132329Z   Downloading websockets-16.0-cp314-cp314-manylinux1_x86_64.manylinux_2_28_x86_64.manylinux_2_5_x86_64.whl.metadata (6.8 kB)
2026-06-18T13:42:41.189580565Z Downloading fastapi-0.137.2-py3-none-any.whl (122 kB)
2026-06-18T13:42:41.223700286Z Downloading uvicorn-0.49.0-py3-none-any.whl (71 kB)
2026-06-18T13:42:41.250036428Z Downloading sqlalchemy-2.0.51-cp314-cp314-manylinux2014_x86_64.manylinux_2_17_x86_64.manylinux_2_28_x86_64.whl (3.3 MB)
2026-06-18T13:42:41.44873301Z    ━━━━━━━━━━━━━━━━━━━━━━━━━━━━━━━━━━━━━━━━ 3.3/3.3 MB 17.6 MB/s  0:00:00
2026-06-18T13:42:41.458308906Z Downloading pydantic-2.13.4-py3-none-any.whl (472 kB)
2026-06-18T13:42:41.501111549Z Downloading pydantic_core-2.46.4-cp314-cp314-manylinux_2_17_x86_64.manylinux2014_x86_64.whl (2.1 MB)
2026-06-18T13:42:41.567583543Z    ━━━━━━━━━━━━━━━━━━━━━━━━━━━━━━━━━━━━━━━━ 2.1/2.1 MB 29.8 MB/s  0:00:00
2026-06-18T13:42:41.577131689Z Downloading python_dotenv-1.2.2-py3-none-any.whl (22 kB)
2026-06-18T13:42:41.598333303Z Downloading psycopg2_binary-2.9.12-cp314-cp314-manylinux2014_x86_64.manylinux_2_17_x86_64.whl (4.3 MB)
2026-06-18T13:42:41.688804993Z    ━━━━━━━━━━━━━━━━━━━━━━━━━━━━━━━━━━━━━━━━ 4.3/4.3 MB 46.8 MB/s  0:00:00
2026-06-18T13:42:41.697699159Z Downloading annotated_doc-0.0.4-py3-none-any.whl (5.3 kB)
2026-06-18T13:42:41.71482103Z Downloading annotated_types-0.7.0-py3-none-any.whl (13 kB)
2026-06-18T13:42:41.732825885Z Downloading click-8.4.1-py3-none-any.whl (116 kB)
2026-06-18T13:42:41.754908942Z Downloading greenlet-3.5.2-cp314-cp314-manylinux_2_24_x86_64.manylinux_2_28_x86_64.whl (663 kB)
2026-06-18T13:42:41.775197082Z    ━━━━━━━━━━━━━━━━━━━━━━━━━━━━━━━━━━━━━━━━ 663.2/663.2 kB 24.0 MB/s  0:00:00
2026-06-18T13:42:41.784101758Z Downloading h11-0.16.0-py3-none-any.whl (37 kB)
2026-06-18T13:42:41.80525496Z Downloading starlette-1.3.1-py3-none-any.whl (73 kB)
2026-06-18T13:42:41.826748118Z Downloading anyio-4.14.0-py3-none-any.whl (123 kB)
2026-06-18T13:42:41.849549716Z Downloading idna-3.18-py3-none-any.whl (65 kB)
2026-06-18T13:42:41.87072938Z Downloading typing_extensions-4.15.0-py3-none-any.whl (44 kB)
2026-06-18T13:42:41.892305409Z Downloading typing_inspection-0.4.2-py3-none-any.whl (14 kB)
2026-06-18T13:42:41.914368766Z Downloading httptools-0.8.0-cp314-cp314-manylinux1_x86_64.manylinux_2_28_x86_64.manylinux_2_5_x86_64.whl (481 kB)
2026-06-18T13:42:41.942024497Z Downloading pyyaml-6.0.3-cp314-cp314-manylinux2014_x86_64.manylinux_2_17_x86_64.manylinux_2_28_x86_64.whl (794 kB)
2026-06-18T13:42:41.966231017Z    ━━━━━━━━━━━━━━━━━━━━━━━━━━━━━━━━━━━━━━━━ 794.2/794.2 kB 24.9 MB/s  0:00:00
2026-06-18T13:42:41.975515108Z Downloading uvloop-0.22.1-cp314-cp314-manylinux2014_x86_64.manylinux_2_17_x86_64.manylinux_2_28_x86_64.whl (4.3 MB)
2026-06-18T13:42:42.037290951Z    ━━━━━━━━━━━━━━━━━━━━━━━━━━━━━━━━━━━━━━━━ 4.3/4.3 MB 69.0 MB/s  0:00:00
2026-06-18T13:42:42.047789071Z Downloading watchfiles-1.2.0-cp314-cp314-manylinux_2_17_x86_64.manylinux2014_x86_64.whl (453 kB)
2026-06-18T13:42:42.069706046Z Downloading websockets-16.0-cp314-cp314-manylinux1_x86_64.manylinux_2_28_x86_64.manylinux_2_5_x86_64.whl (185 kB)
2026-06-18T13:42:42.146535438Z Installing collected packages: websockets, uvloop, typing-extensions, pyyaml, python-dotenv, psycopg2-binary, idna, httptools, h11, greenlet, click, annotated-types, annotated-doc, uvicorn, typing-inspection, sqlalchemy, pydantic-core, anyio, watchfiles, starlette, pydantic, fastapi
2026-06-18T13:42:46.948644242Z 
2026-06-18T13:42:46.951271402Z Successfully installed annotated-doc-0.0.4 annotated-types-0.7.0 anyio-4.14.0 click-8.4.1 fastapi-0.137.2 greenlet-3.5.2 h11-0.16.0 httptools-0.8.0 idna-3.18 psycopg2-binary-2.9.12 pydantic-2.13.4 pydantic-core-2.46.4 python-dotenv-1.2.2 pyyaml-6.0.3 sqlalchemy-2.0.51 starlette-1.3.1 typing-extensions-4.15.0 typing-inspection-0.4.2 uvicorn-0.49.0 uvloop-0.22.1 watchfiles-1.2.0 websockets-16.0
2026-06-18T13:42:47.091803486Z 
2026-06-18T13:42:47.091837817Z [notice] A new release of pip is available: 25.3 -> 26.1.2
2026-06-18T13:42:47.091841307Z [notice] To update, run: pip install --upgrade pip
2026-06-18T13:42:48.491207543Z ==> Uploading build...
2026-06-18T13:42:56.382681416Z ==> Uploaded in 5.8s. Compression took 2.1s
2026-06-18T13:42:56.445598636Z ==> Build successful 🎉
2026-06-18T13:43:21.865813922Z ==> Deploying...
2026-06-18T13:43:21.993761144Z ==> Setting WEB_CONCURRENCY=1 by default, based on available CPUs in the instance
2026-06-18T13:43:30.503784148Z ==> Running 'uvicorn app.main:app --host 0.0.0.0 --port $PORT'
2026-06-18T13:43:46.007015185Z ==> Exited with status 1
2026-06-18T13:43:46.012821073Z ==> Common ways to troubleshoot your deploy: https://render.com/docs/troubleshooting-deploys
2026-06-18T13:43:42.912731808Z Traceback (most recent call last):
2026-06-18T13:43:42.914321449Z   File "/opt/render/project/src/.venv/lib/python3.14/site-packages/sqlalchemy/engine/base.py", line 144, in __init__
2026-06-18T13:43:42.914339679Z     self._dbapi_connection = engine.raw_connection()
2026-06-18T13:43:42.914343409Z                              ~~~~~~~~~~~~~~~~~~~~~^^
2026-06-18T13:43:42.91434666Z   File "/opt/render/project/src/.venv/lib/python3.14/site-packages/sqlalchemy/engine/base.py", line 3319, in raw_connection
2026-06-18T13:43:42.91435179Z     return self.pool.connect()
2026-06-18T13:43:42.91435531Z            ~~~~~~~~~~~~~~~~~^^
2026-06-18T13:43:42.91435823Z   File "/opt/render/project/src/.venv/lib/python3.14/site-packages/sqlalchemy/pool/base.py", line 448, in connect
2026-06-18T13:43:42.91436258Z     return _ConnectionFairy._checkout(self)
2026-06-18T13:43:42.91436526Z            ~~~~~~~~~~~~~~~~~~~~~~~~~~^^^^^^
2026-06-18T13:43:42.91436809Z   File "/opt/render/project/src/.venv/lib/python3.14/site-packages/sqlalchemy/pool/base.py", line 1272, in _checkout
2026-06-18T13:43:42.91437137Z     fairy = _ConnectionRecord.checkout(pool)
2026-06-18T13:43:42.91437427Z   File "/opt/render/project/src/.venv/lib/python3.14/site-packages/sqlalchemy/pool/base.py", line 712, in checkout
2026-06-18T13:43:42.91437888Z     rec = pool._do_get()
2026-06-18T13:43:42.91438177Z   File "/opt/render/project/src/.venv/lib/python3.14/site-packages/sqlalchemy/pool/impl.py", line 178, in _do_get
2026-06-18T13:43:42.914384701Z     with util.safe_reraise():
2026-06-18T13:43:42.914387401Z          ~~~~~~~~~~~~~~~~~^^
2026-06-18T13:43:42.914390331Z   File "/opt/render/project/src/.venv/lib/python3.14/site-packages/sqlalchemy/util/langhelpers.py", line 122, in __exit__
2026-06-18T13:43:42.914393091Z     raise exc_value.with_traceback(exc_tb)
2026-06-18T13:43:42.914395851Z   File "/opt/render/project/src/.venv/lib/python3.14/site-packages/sqlalchemy/pool/impl.py", line 176, in _do_get
2026-06-18T13:43:42.914398861Z     return self._create_connection()
2026-06-18T13:43:42.914401701Z            ~~~~~~~~~~~~~~~~~~~~~~~^^
2026-06-18T13:43:42.914404631Z   File "/opt/render/project/src/.venv/lib/python3.14/site-packages/sqlalchemy/pool/base.py", line 389, in _create_connection
2026-06-18T13:43:42.914407401Z     return _ConnectionRecord(self)
2026-06-18T13:43:42.914410131Z   File "/opt/render/project/src/.venv/lib/python3.14/site-packages/sqlalchemy/pool/base.py", line 674, in __init__
2026-06-18T13:43:42.914412951Z     self.__connect()
2026-06-18T13:43:42.914416141Z     ~~~~~~~~~~~~~~^^
2026-06-18T13:43:42.914419262Z   File "/opt/render/project/src/.venv/lib/python3.14/site-packages/sqlalchemy/pool/base.py", line 900, in __connect
2026-06-18T13:43:42.914422551Z     with util.safe_reraise():
2026-06-18T13:43:42.914425651Z          ~~~~~~~~~~~~~~~~~^^
2026-06-18T13:43:42.914428642Z   File "/opt/render/project/src/.venv/lib/python3.14/site-packages/sqlalchemy/util/langhelpers.py", line 122, in __exit__
2026-06-18T13:43:42.914431872Z     raise exc_value.with_traceback(exc_tb)
2026-06-18T13:43:42.914435262Z   File "/opt/render/project/src/.venv/lib/python3.14/site-packages/sqlalchemy/pool/base.py", line 896, in __connect
2026-06-18T13:43:42.914439922Z     self.dbapi_connection = connection = pool._invoke_creator(self)
2026-06-18T13:43:42.914443152Z                                          ~~~~~~~~~~~~~~~~~~~~^^^^^^
2026-06-18T13:43:42.914459892Z   File "/opt/render/project/src/.venv/lib/python3.14/site-packages/sqlalchemy/engine/create.py", line 667, in connect
2026-06-18T13:43:42.914463852Z     return dialect.connect(*cargs_tup, **cparams)
2026-06-18T13:43:42.914482223Z            ~~~~~~~~~~~~~~~^^^^^^^^^^^^^^^^^^^^^^^
2026-06-18T13:43:42.914485513Z   File "/opt/render/project/src/.venv/lib/python3.14/site-packages/sqlalchemy/engine/default.py", line 630, in connect
2026-06-18T13:43:42.914490743Z     return self.loaded_dbapi.connect(*cargs, **cparams)  # type: ignore[no-any-return]  # NOQA: E501
2026-06-18T13:43:42.914493713Z            ~~~~~~~~~~~~~~~~~~~~~~~~~^^^^^^^^^^^^^^^^^^^
2026-06-18T13:43:42.914496813Z   File "/opt/render/project/src/.venv/lib/python3.14/site-packages/psycopg2/__init__.py", line 122, in connect
2026-06-18T13:43:42.914500064Z     conn = _connect(dsn, connection_factory=connection_factory, **kwasync)
2026-06-18T13:43:42.914519604Z psycopg2.OperationalError: connection to server at "db.tttfpxewnpstlnpekhmi.supabase.co" (2406:da14:311:1502:28ec:c186:147d:6d57), port 5432 failed: Network is unreachable
2026-06-18T13:43:42.914523704Z 	Is the server running on that host and accepting TCP/IP connections?
2026-06-18T13:43:42.914526614Z 
2026-06-18T13:43:42.914529484Z 
2026-06-18T13:43:42.914532854Z The above exception was the direct cause of the following exception:
2026-06-18T13:43:42.914535504Z 
2026-06-18T13:43:42.914538754Z Traceback (most recent call last):
2026-06-18T13:43:42.993131112Z   File "/opt/render/project/src/.venv/bin/uvicorn", line 7, in <module>
2026-06-18T13:43:42.993159573Z     sys.exit(main())
2026-06-18T13:43:42.993163493Z              ~~~~^^
2026-06-18T13:43:42.993166973Z   File "/opt/render/project/src/.venv/lib/python3.14/site-packages/click/core.py", line 1524, in __call__
2026-06-18T13:43:42.993172864Z     return self.main(*args, **kwargs)
2026-06-18T13:43:42.993176084Z            ~~~~~~~~~^^^^^^^^^^^^^^^^^
2026-06-18T13:43:42.993179914Z   File "/opt/render/project/src/.venv/lib/python3.14/site-packages/click/core.py", line 1445, in main
2026-06-18T13:43:42.993184184Z     rv = self.invoke(ctx)
2026-06-18T13:43:42.993186324Z   File "/opt/render/project/src/.venv/lib/python3.14/site-packages/click/core.py", line 1308, in invoke
2026-06-18T13:43:42.993189794Z     return ctx.invoke(self.callback, **ctx.params)
2026-06-18T13:43:42.993191744Z            ~~~~~~~~~~^^^^^^^^^^^^^^^^^^^^^^^^^^^^^
2026-06-18T13:43:42.993193734Z   File "/opt/render/project/src/.venv/lib/python3.14/site-packages/click/core.py", line 877, in invoke
2026-06-18T13:43:42.993195734Z     return callback(*args, **kwargs)
2026-06-18T13:43:42.993197684Z   File "/opt/render/project/src/.venv/lib/python3.14/site-packages/uvicorn/main.py", line 441, in main
2026-06-18T13:43:42.993200354Z     run(
2026-06-18T13:43:42.993203474Z     ~~~^
2026-06-18T13:43:42.993206474Z         app,
2026-06-18T13:43:42.993209545Z         ^^^^
2026-06-18T13:43:42.993212415Z     ...<48 lines>...
2026-06-18T13:43:42.993215705Z         reset_contextvars=reset_contextvars,
2026-06-18T13:43:42.993218485Z         ^^^^^^^^^^^^^^^^^^^^^^^^^^^^^^^^^^^^
2026-06-18T13:43:42.993221285Z     )
2026-06-18T13:43:42.993224155Z     ^
2026-06-18T13:43:42.993227315Z   File "/opt/render/project/src/.venv/lib/python3.14/site-packages/uvicorn/main.py", line 609, in run
2026-06-18T13:43:42.993230465Z     config.load_app()
2026-06-18T13:43:42.993233415Z     ~~~~~~~~~~~~~~~^^
2026-06-18T13:43:42.993236505Z   File "/opt/render/project/src/.venv/lib/python3.14/site-packages/uvicorn/config.py", line 415, in load_app
2026-06-18T13:43:42.993239615Z     return import_from_string(self.app)
2026-06-18T13:43:42.993244706Z   File "/opt/render/project/src/.venv/lib/python3.14/site-packages/uvicorn/importer.py", line 19, in import_from_string
2026-06-18T13:43:42.993247635Z     module = importlib.import_module(module_str)
2026-06-18T13:43:42.993265716Z   File "/opt/render/project/python/Python-3.14.3/lib/python3.14/importlib/__init__.py", line 88, in import_module
2026-06-18T13:43:42.993269236Z     return _bootstrap._gcd_import(name[level:], package, level)
2026-06-18T13:43:42.993272316Z            ~~~~~~~~~~~~~~~~~~~~~~^^^^^^^^^^^^^^^^^^^^^^^^^^^^^^
2026-06-18T13:43:42.993274656Z   File "<frozen importlib._bootstrap>", line 1398, in _gcd_import
2026-06-18T13:43:42.993276596Z   File "<frozen importlib._bootstrap>", line 1371, in _find_and_load
2026-06-18T13:43:42.993278486Z   File "<frozen importlib._bootstrap>", line 1342, in _find_and_load_unlocked
2026-06-18T13:43:42.993280416Z   File "<frozen importlib._bootstrap>", line 938, in _load_unlocked
2026-06-18T13:43:42.993282336Z   File "<frozen importlib._bootstrap_external>", line 759, in exec_module
2026-06-18T13:43:42.993284327Z   File "<frozen importlib._bootstrap>", line 491, in _call_with_frames_removed
2026-06-18T13:43:42.993286287Z   File "/opt/render/project/src/backend/app/main.py", line 7, in <module>
2026-06-18T13:43:42.993288297Z     from app.database import Base, engine, get_db
2026-06-18T13:43:42.993290247Z   File "/opt/render/project/src/backend/app/database.py", line 76, in <module>
2026-06-18T13:43:42.993292177Z     engine = create_engine_with_fallback()
2026-06-18T13:43:42.993304527Z   File "/opt/render/project/src/backend/app/database.py", line 72, in create_engine_with_fallback
2026-06-18T13:43:42.993307547Z     raise last_error
2026-06-18T13:43:42.993309587Z   File "/opt/render/project/src/backend/app/database.py", line 65, in create_engine_with_fallback
2026-06-18T13:43:42.993311547Z     with engine.connect() as connection:
2026-06-18T13:43:42.993313487Z          ~~~~~~~~~~~~~~^^
2026-06-18T13:43:42.993315567Z   File "/opt/render/project/src/.venv/lib/python3.14/site-packages/sqlalchemy/engine/base.py", line 3295, in connect
2026-06-18T13:43:42.993317567Z     return self._connection_cls(self)
2026-06-18T13:43:42.993319517Z            ~~~~~~~~~~~~~~~~~~~~^^^^^^
2026-06-18T13:43:42.993321517Z   File "/opt/render/project/src/.venv/lib/python3.14/site-packages/sqlalchemy/engine/base.py", line 146, in __init__
2026-06-18T13:43:42.993323508Z     Connection._handle_dbapi_exception_noconnection(
2026-06-18T13:43:42.993325408Z     ~~~~~~~~~~~~~~~~~~~~~~~~~~~~~~~~~~~~~~~~~~~~~~~^
2026-06-18T13:43:42.993327348Z         err, dialect, engine
2026-06-18T13:43:42.993329348Z         ^^^^^^^^^^^^^^^^^^^^
2026-06-18T13:43:42.993331308Z     )
2026-06-18T13:43:42.993333228Z     ^
2026-06-18T13:43:42.993336628Z   File "/opt/render/project/src/.venv/lib/python3.14/site-packages/sqlalchemy/engine/base.py", line 2450, in _handle_dbapi_exception_noconnection
2026-06-18T13:43:42.993338618Z     raise sqlalchemy_exception.with_traceback(exc_info[2]) from e
2026-06-18T13:43:42.993340558Z   File "/opt/render/project/src/.venv/lib/python3.14/site-packages/sqlalchemy/engine/base.py", line 144, in __init__
2026-06-18T13:43:42.993342478Z     self._dbapi_connection = engine.raw_connection()
2026-06-18T13:43:42.993344448Z                              ~~~~~~~~~~~~~~~~~~~~~^^
2026-06-18T13:43:42.993358038Z   File "/opt/render/project/src/.venv/lib/python3.14/site-packages/sqlalchemy/engine/base.py", line 3319, in raw_connection
2026-06-18T13:43:42.993360538Z     return self.pool.connect()
2026-06-18T13:43:42.993362509Z            ~~~~~~~~~~~~~~~~~^^
2026-06-18T13:43:42.993364589Z   File "/opt/render/project/src/.venv/lib/python3.14/site-packages/sqlalchemy/pool/base.py", line 448, in connect
2026-06-18T13:43:42.993366489Z     return _ConnectionFairy._checkout(self)
2026-06-18T13:43:42.993368459Z            ~~~~~~~~~~~~~~~~~~~~~~~~~~^^^^^^
2026-06-18T13:43:42.993377879Z   File "/opt/render/project/src/.venv/lib/python3.14/site-packages/sqlalchemy/pool/base.py", line 1272, in _checkout
2026-06-18T13:43:42.993379829Z     fairy = _ConnectionRecord.checkout(pool)
2026-06-18T13:43:42.993381959Z   File "/opt/render/project/src/.venv/lib/python3.14/site-packages/sqlalchemy/pool/base.py", line 712, in checkout
2026-06-18T13:43:42.993383879Z     rec = pool._do_get()
2026-06-18T13:43:42.993385789Z   File "/opt/render/project/src/.venv/lib/python3.14/site-packages/sqlalchemy/pool/impl.py", line 178, in _do_get
2026-06-18T13:43:42.993387709Z     with util.safe_reraise():
2026-06-18T13:43:42.993389599Z          ~~~~~~~~~~~~~~~~~^^
2026-06-18T13:43:42.993391829Z   File "/opt/render/project/src/.venv/lib/python3.14/site-packages/sqlalchemy/util/langhelpers.py", line 122, in __exit__
2026-06-18T13:43:42.993393919Z     raise exc_value.with_traceback(exc_tb)
2026-06-18T13:43:42.993395869Z   File "/opt/render/project/src/.venv/lib/python3.14/site-packages/sqlalchemy/pool/impl.py", line 176, in _do_get
2026-06-18T13:43:42.99339779Z     return self._create_connection()
2026-06-18T13:43:42.99339981Z            ~~~~~~~~~~~~~~~~~~~~~~~^^
2026-06-18T13:43:42.993401739Z   File "/opt/render/project/src/.venv/lib/python3.14/site-packages/sqlalchemy/pool/base.py", line 389, in _create_connection
2026-06-18T13:43:42.993403699Z     return _ConnectionRecord(self)
2026-06-18T13:43:42.99340557Z   File "/opt/render/project/src/.venv/lib/python3.14/site-packages/sqlalchemy/pool/base.py", line 674, in __init__
2026-06-18T13:43:42.99340749Z     self.__connect()
2026-06-18T13:43:42.99340948Z     ~~~~~~~~~~~~~~^^
2026-06-18T13:43:42.9934114Z   File "/opt/render/project/src/.venv/lib/python3.14/site-packages/sqlalchemy/pool/base.py", line 900, in __connect
2026-06-18T13:43:42.99341342Z     with util.safe_reraise():
2026-06-18T13:43:42.99341537Z          ~~~~~~~~~~~~~~~~~^^
2026-06-18T13:43:42.99341729Z   File "/opt/render/project/src/.venv/lib/python3.14/site-packages/sqlalchemy/util/langhelpers.py", line 122, in __exit__
2026-06-18T13:43:42.99341922Z     raise exc_value.with_traceback(exc_tb)
2026-06-18T13:43:42.99342113Z   File "/opt/render/project/src/.venv/lib/python3.14/site-packages/sqlalchemy/pool/base.py", line 896, in __connect
2026-06-18T13:43:42.99342308Z     self.dbapi_connection = connection = pool._invoke_creator(self)
2026-06-18T13:43:42.99342503Z                                          ~~~~~~~~~~~~~~~~~~~~^^^^^^
2026-06-18T13:43:42.99342692Z   File "/opt/render/project/src/.venv/lib/python3.14/site-packages/sqlalchemy/engine/create.py", line 667, in connect
2026-06-18T13:43:42.99342881Z     return dialect.connect(*cargs_tup, **cparams)
2026-06-18T13:43:42.99343082Z            ~~~~~~~~~~~~~~~^^^^^^^^^^^^^^^^^^^^^^^
2026-06-18T13:43:42.99343272Z   File "/opt/render/project/src/.venv/lib/python3.14/site-packages/sqlalchemy/engine/default.py", line 630, in connect
2026-06-18T13:43:42.99343463Z     return self.loaded_dbapi.connect(*cargs, **cparams)  # type: ignore[no-any-return]  # NOQA: E501
2026-06-18T13:43:42.993436531Z            ~~~~~~~~~~~~~~~~~~~~~~~~~^^^^^^^^^^^^^^^^^^^
2026-06-18T13:43:42.99343846Z   File "/opt/render/project/src/.venv/lib/python3.14/site-packages/psycopg2/__init__.py", line 122, in connect
2026-06-18T13:43:42.9934404Z     conn = _connect(dsn, connection_factory=connection_factory, **kwasync)
2026-06-18T13:43:42.993451291Z sqlalchemy.exc.OperationalError: (psycopg2.OperationalError) connection to server at "db.tttfpxewnpstlnpekhmi.supabase.co" (2406:da14:311:1502:28ec:c186:147d:6d57), port 5432 failed: Network is unreachable
2026-06-18T13:43:42.993453441Z 	Is the server running on that host and accepting TCP/IP connections?
2026-06-18T13:43:42.993455331Z 
2026-06-18T13:43:42.993460211Z (Background on this error at: https://sqlalche.me/e/20/e3q8)
2026-06-18T13:43:50.768542775Z ==> Running 'uvicorn app.main:app --host 0.0.0.0 --port $PORT'